  pch.cpp
  AssemblyInfo.cpp
  Camera.cpp
  Mesh.cpp
C:\Users\alexa\Desktop\RoboticArmProject\RoboticArmProject\Mesh.cpp(34,72): warning C4267: 'argument': conversion from 'size_t' to 'GLsizei', possible loss of data
  Model3D.cpp
C:\Users\alexa\Desktop\RoboticArmProject\RoboticArmProject\Model3D.cpp(264,16): warning C4018: '<': signed/unsigned mismatch
C:\Users\alexa\Desktop\RoboticArmProject\RoboticArmProject\Model3D.cpp(271,21): warning C4018: '<': signed/unsigned mismatch
C:\Users\alexa\Desktop\RoboticArmProject\RoboticArmProject\Model3D.cpp(282,20): warning C4018: '<': signed/unsigned mismatch
C:\Users\alexa\Desktop\RoboticArmProject\RoboticArmProject\Model3D.cpp(317,21): warning C4018: '<': signed/unsigned mismatch
C:\Users\alexa\Desktop\RoboticArmProject\RoboticArmProject\Model3D.cpp(320,22): warning C4018: '<': signed/unsigned mismatch
  RoboticArmProject.cpp
C:\Users\alexa\Desktop\RoboticArmProject\RoboticArmProject\RoboticArmProject.cpp(223,33): warning C4305: 'argument': truncation from 'double' to 'GLclampf'
  Shader.cpp
  SkyBox.cpp
  stb_image.cpp
C:\Users\alexa\Desktop\RoboticArmProject\RoboticArmProject\stb_image.cpp(1): warning C4603: 'STB_IMAGE_IMPLEMENTATION': macro is not defined or definition is different after precompiled header use
C:\Users\alexa\Desktop\RoboticArmProject\RoboticArmProject\stb_image.cpp(1): message : Add macro to precompiled header instead of defining here
C:\Users\alexa\Desktop\RoboticArmProject\RoboticArmProject\stb_image.cpp(3): message : use of precompiled header
  tiny_obj_loader.cpp
C:\Users\alexa\Desktop\RoboticArmProject\RoboticArmProject\tiny_obj_loader.cpp(1): warning C4603: 'TINYOBJLOADER_IMPLEMENTATION': macro is not defined or definition is different after precompiled header use
C:\Users\alexa\Desktop\RoboticArmProject\RoboticArmProject\tiny_obj_loader.cpp(1): message : Add macro to precompiled header instead of defining here
C:\Users\alexa\Desktop\RoboticArmProject\RoboticArmProject\tiny_obj_loader.cpp(2): message : use of precompiled header
  Generating Code...
  .NETFramework,Version=v4.6.1.AssemblyAttributes.cpp
LINK : warning LNK4286: symbol '__glewGenVertexArrays' defined in 'libglew32.lib(glew.obj)' is imported by 'Mesh.obj'
LINK : warning LNK4286: symbol '__glewGenBuffers' defined in 'libglew32.lib(glew.obj)' is imported by 'Mesh.obj'
LINK : warning LNK4286: symbol '__glewBindVertexArray' defined in 'libglew32.lib(glew.obj)' is imported by 'Mesh.obj'
LINK : warning LNK4286: symbol '__glewBindBuffer' defined in 'libglew32.lib(glew.obj)' is imported by 'Mesh.obj'
LINK : warning LNK4286: symbol '__glewBufferData' defined in 'libglew32.lib(glew.obj)' is imported by 'Mesh.obj'
LINK : warning LNK4286: symbol '__glewEnableVertexAttribArray' defined in 'libglew32.lib(glew.obj)' is imported by 'Mesh.obj'
LINK : warning LNK4286: symbol '__glewVertexAttribPointer' defined in 'libglew32.lib(glew.obj)' is imported by 'Mesh.obj'
LINK : warning LNK4286: symbol '__glewActiveTexture' defined in 'libglew32.lib(glew.obj)' is imported by 'Mesh.obj'
LINK : warning LNK4286: symbol '__glewGetUniformLocation' defined in 'libglew32.lib(glew.obj)' is imported by 'Mesh.obj'
LINK : warning LNK4286: symbol '__glewUniform1i' defined in 'libglew32.lib(glew.obj)' is imported by 'Mesh.obj'
RoboticArmProject.obj : warning LNK4248: unresolved typeref token (01000017) for 'GLFWwindow'; image may not run
RoboticArmProject.obj : warning LNK4248: unresolved typeref token (0100001F) for 'GLFWmonitor'; image may not run
  RoboticArmProject.vcxproj -> C:\Users\alexa\Desktop\RoboticArmProject\x64\Release\RoboticArmProject.exe
