  Main.cpp
C:\Ale\AN3\PMP\RoboticArmPMP\RoboticArmPMP\Main.cpp(151,33): warning C4305: 'argument': truncation from 'double' to 'GLclampf'
Main.obj : error LNK2019: unresolved external symbol _glewInit@0 referenced in function "bool __cdecl initOpenGLWindow(void)" (?initOpenGLWindow@@YA_NXZ)
Main.obj : error LNK2019: unresolved external symbol _glfwInit referenced in function "bool __cdecl initOpenGLWindow(void)" (?initOpenGLWindow@@YA_NXZ)
Main.obj : error LNK2019: unresolved external symbol _glfwTerminate referenced in function "void __cdecl cleanup(void)" (?cleanup@@YAXXZ)
Main.obj : error LNK2019: unresolved external symbol _glfwWindowHint referenced in function "bool __cdecl initOpenGLWindow(void)" (?initOpenGLWindow@@YA_NXZ)
Main.obj : error LNK2019: unresolved external symbol _glfwCreateWindow referenced in function "bool __cdecl initOpenGLWindow(void)" (?initOpenGLWindow@@YA_NXZ)
Main.obj : error LNK2019: unresolved external symbol _glfwDestroyWindow referenced in function "void __cdecl cleanup(void)" (?cleanup@@YAXXZ)
Main.obj : error LNK2019: unresolved external symbol _glfwWindowShouldClose referenced in function _main
Main.obj : error LNK2019: unresolved external symbol _glfwGetFramebufferSize referenced in function "bool __cdecl initOpenGLWindow(void)" (?initOpenGLWindow@@YA_NXZ)
Main.obj : error LNK2019: unresolved external symbol _glfwSetWindowSizeCallback referenced in function "bool __cdecl initOpenGLWindow(void)" (?initOpenGLWindow@@YA_NXZ)
Main.obj : error LNK2019: unresolved external symbol _glfwPollEvents referenced in function _main
Main.obj : error LNK2019: unresolved external symbol _glfwGetKey referenced in function "void __cdecl renderScene(void)" (?renderScene@@YAXXZ)
Main.obj : error LNK2019: unresolved external symbol _glfwMakeContextCurrent referenced in function "bool __cdecl initOpenGLWindow(void)" (?initOpenGLWindow@@YA_NXZ)
Main.obj : error LNK2019: unresolved external symbol _glfwSwapBuffers referenced in function _main
Main.obj : error LNK2001: unresolved external symbol ___glewBindBuffer
Main.obj : error LNK2001: unresolved external symbol ___glewBufferData
Main.obj : error LNK2001: unresolved external symbol ___glewGenBuffers
Main.obj : error LNK2001: unresolved external symbol ___glewAttachShader
Main.obj : error LNK2001: unresolved external symbol ___glewCompileShader
Main.obj : error LNK2001: unresolved external symbol ___glewCreateProgram
Main.obj : error LNK2001: unresolved external symbol ___glewCreateShader
Main.obj : error LNK2001: unresolved external symbol ___glewDeleteShader
Main.obj : error LNK2001: unresolved external symbol ___glewEnableVertexAttribArray
Main.obj : error LNK2001: unresolved external symbol ___glewGetProgramInfoLog
Main.obj : error LNK2001: unresolved external symbol ___glewGetProgramiv
Main.obj : error LNK2001: unresolved external symbol ___glewGetShaderInfoLog
Main.obj : error LNK2001: unresolved external symbol ___glewGetShaderiv
Main.obj : error LNK2001: unresolved external symbol ___glewLinkProgram
Main.obj : error LNK2001: unresolved external symbol ___glewShaderSource
Main.obj : error LNK2001: unresolved external symbol ___glewUseProgram
Main.obj : error LNK2001: unresolved external symbol ___glewVertexAttribPointer
Main.obj : error LNK2001: unresolved external symbol ___glewBindVertexArray
Main.obj : error LNK2001: unresolved external symbol ___glewGenVertexArrays
Main.obj : error LNK2001: unresolved external symbol _glewExperimental
C:\Ale\AN3\PMP\RoboticArmPMP\RoboticArmPMP\OpenGL lib directory\lib\Debug\glfw3.lib : warning LNK4272: library machine type 'x64' conflicts with target machine type 'x86'
C:\Ale\AN3\PMP\RoboticArmPMP\RoboticArmPMP\OpenGL lib directory\lib\Debug\libglew32d.lib : warning LNK4272: library machine type 'x64' conflicts with target machine type 'x86'
C:\Ale\AN3\PMP\RoboticArmPMP\Debug\RoboticArmPMP.exe : fatal error LNK1120: 33 unresolved externals
